info it worked if it ends with ok
verbose cli [ '/usr/bin/nodejs', '/usr/bin/npm', 'install', 'recess', '-g' ]
info using npm@1.1.4
info using node@v0.6.19
verbose config file /home/richard/.npmrc
verbose config file /usr/etc/npmrc
verbose config file /usr/share/npm/npmrc
verbose cache add [ 'recess', null ]
silly cache add: name, spec, args [ undefined, 'recess', [ 'recess', null ] ]
verbose parsed url { pathname: 'recess', path: 'recess', href: 'recess' }
verbose addNamed [ 'recess', '' ]
verbose addNamed [ null, '' ]
silly name, range, hasData [ 'recess', '', false ]
verbose raw, before any munging recess
verbose url resolving [ 'https://registry.npmjs.org/', './recess' ]
verbose url resolved https://registry.npmjs.org/recess
http GET https://registry.npmjs.org/recess
http 200 https://registry.npmjs.org/recess
silly get cb [ 200,
silly get cb   { vary: 'Accept',
silly get cb     server: 'CouchDB/1.5.0 (Erlang OTP/R15B03)',
silly get cb     etag: '"CKXNVF40OV11VEMIXQHXCAY4"',
silly get cb     date: 'Sat, 30 Nov 2013 15:23:14 GMT',
silly get cb     'content-type': 'application/json',
silly get cb     'content-length': '42182' } ]
verbose mkdir (expected) error ENOENT, stat '/home/richard/.npm'
verbose mkdir (expected) error ENOENT, stat '/home/richard/.npm/recess'
verbose mkdir done: /home/richard/.npm/recess 755
silly name, range, hasData 2 [ 'recess', '', true ]
silly versions [ 'recess',
silly versions   [ '0.1.0',
silly versions     '1.0.0',
silly versions     '1.0.1',
silly versions     '1.0.2',
silly versions     '1.0.3',
silly versions     '1.0.4',
silly versions     '1.1.0',
silly versions     '1.1.1',
silly versions     '1.1.3',
silly versions     '1.1.4',
silly versions     '1.1.5',
silly versions     '1.1.6',
silly versions     '1.1.7',
silly versions     '1.1.8',
silly versions     '1.1.9' ] ]
verbose bin dist [ '0.6-ares1.9.1-evundefined-openssl1.0.1c-v83.8.9.20-linux-ia32-3.8.0-33-generic',
verbose bin dist   { shasum: '831c551f45df87d484c6123ffde91030bef1581a',
verbose bin dist     tarball: 'http://registry.npmjs.org/recess/-/recess-1.1.9.tgz' } ]
verbose addRemoteTarball [ 'https://registry.npmjs.org/recess/-/recess-1.1.9.tgz',
verbose addRemoteTarball   '831c551f45df87d484c6123ffde91030bef1581a' ]
verbose mkdir (expected) error ENOENT, stat '/tmp/npm-1385824994468'
verbose mkdir (expected) error ENOENT, stat '/tmp/npm-1385824994468/1385824994468-0.6263069096021354'
verbose mkdir done: /tmp/npm-1385824994468/1385824994468-0.6263069096021354 755
verbose fetch to /tmp/npm-1385824994468/1385824994468-0.6263069096021354/tmp.tgz
http GET https://registry.npmjs.org/recess/-/recess-1.1.9.tgz
http 200 https://registry.npmjs.org/recess/-/recess-1.1.9.tgz
silly updated sha bytes 40960
silly updated sha bytes 3023
info shasum 831c551f45df87d484c6123ffde91030bef1581a
info shasum /tmp/npm-1385824994468/1385824994468-0.6263069096021354/tmp.tgz
verbose mkdir (expected) error ENOENT, stat '/tmp/npm-1385824994468/1385824994468-0.6263069096021354/___package.npm'
verbose mkdir done: /tmp/npm-1385824994468/1385824994468-0.6263069096021354/___package.npm 755
verbose unpack_ uid, gid [ undefined, undefined ]
verbose unpackTarget /tmp/npm-1385824994468/1385824994468-0.6263069096021354/package
silly gunzTarPerm modes [ '755', '644' ]
silly afterUntar ok
silly asyncMap in gTP /tmp/npm-1385824994468/1385824994468-0.6263069096021354/___package.npm/package
silly asyncMap in gTP /tmp/npm-1385824994468/1385824994468-0.6263069096021354/___package.npm/package/.gitattributes
silly asyncMap in gTP /tmp/npm-1385824994468/1385824994468-0.6263069096021354/___package.npm/package/.travis.yml
silly asyncMap in gTP /tmp/npm-1385824994468/1385824994468-0.6263069096021354/___package.npm/package/.npmignore
silly asyncMap in gTP /tmp/npm-1385824994468/1385824994468-0.6263069096021354/___package.npm/package/makefile
silly asyncMap in gTP /tmp/npm-1385824994468/1385824994468-0.6263069096021354/___package.npm/package/README.md
silly asyncMap in gTP /tmp/npm-1385824994468/1385824994468-0.6263069096021354/___package.npm/package/LICENSE
silly asyncMap in gTP /tmp/npm-1385824994468/1385824994468-0.6263069096021354/___package.npm/package/package.json
silly asyncMap in gTP /tmp/npm-1385824994468/1385824994468-0.6263069096021354/___package.npm/package/bin
silly asyncMap in gTP /tmp/npm-1385824994468/1385824994468-0.6263069096021354/___package.npm/package/bin/recess
silly asyncMap in gTP /tmp/npm-1385824994468/1385824994468-0.6263069096021354/___package.npm/package/benchmark
silly asyncMap in gTP /tmp/npm-1385824994468/1385824994468-0.6263069096021354/___package.npm/package/benchmark/benchmark.less
silly asyncMap in gTP /tmp/npm-1385824994468/1385824994468-0.6263069096021354/___package.npm/package/benchmark/index.js
silly asyncMap in gTP /tmp/npm-1385824994468/1385824994468-0.6263069096021354/___package.npm/package/test
silly asyncMap in gTP /tmp/npm-1385824994468/1385824994468-0.6263069096021354/___package.npm/package/test/sprite.png
silly asyncMap in gTP /tmp/npm-1385824994468/1385824994468-0.6263069096021354/___package.npm/package/test/index.js
silly asyncMap in gTP /tmp/npm-1385824994468/1385824994468-0.6263069096021354/___package.npm/package/test/fixtures
silly asyncMap in gTP /tmp/npm-1385824994468/1385824994468-0.6263069096021354/___package.npm/package/test/fixtures/zero-units.css
silly asyncMap in gTP /tmp/npm-1385824994468/1385824994468-0.6263069096021354/___package.npm/package/test/fixtures/simple.css
silly asyncMap in gTP /tmp/npm-1385824994468/1385824994468-0.6263069096021354/___package.npm/package/test/fixtures/inline-images.css
silly asyncMap in gTP /tmp/npm-1385824994468/1385824994468-0.6263069096021354/___package.npm/package/test/fixtures/universal-selectors.css
silly asyncMap in gTP /tmp/npm-1385824994468/1385824994468-0.6263069096021354/___package.npm/package/test/fixtures/preboot.less
silly asyncMap in gTP /tmp/npm-1385824994468/1385824994468-0.6263069096021354/___package.npm/package/test/fixtures/no-overqualifying.css
silly asyncMap in gTP /tmp/npm-1385824994468/1385824994468-0.6263069096021354/___package.npm/package/test/fixtures/property-order.css
silly asyncMap in gTP /tmp/npm-1385824994468/1385824994468-0.6263069096021354/___package.npm/package/test/fixtures/no-underscores.css
silly asyncMap in gTP /tmp/npm-1385824994468/1385824994468-0.6263069096021354/___package.npm/package/test/fixtures/no-IDs.css
silly asyncMap in gTP /tmp/npm-1385824994468/1385824994468-0.6263069096021354/___package.npm/package/test/fixtures/no-JS.css
silly asyncMap in gTP /tmp/npm-1385824994468/1385824994468-0.6263069096021354/___package.npm/package/test/fixtures/sprite.png
silly asyncMap in gTP /tmp/npm-1385824994468/1385824994468-0.6263069096021354/___package.npm/package/test/fixtures/blog.css
silly asyncMap in gTP /tmp/npm-1385824994468/1385824994468-0.6263069096021354/___package.npm/package/test/fixtures/prefixes.css
silly asyncMap in gTP /tmp/npm-1385824994468/1385824994468-0.6263069096021354/___package.npm/package/test/compiled
silly asyncMap in gTP /tmp/npm-1385824994468/1385824994468-0.6263069096021354/___package.npm/package/test/compiled/preboot.css
silly asyncMap in gTP /tmp/npm-1385824994468/1385824994468-0.6263069096021354/___package.npm/package/test/compiled/zero-units.css
silly asyncMap in gTP /tmp/npm-1385824994468/1385824994468-0.6263069096021354/___package.npm/package/test/compiled/simple.css
silly asyncMap in gTP /tmp/npm-1385824994468/1385824994468-0.6263069096021354/___package.npm/package/test/compiled/inline-images.css
silly asyncMap in gTP /tmp/npm-1385824994468/1385824994468-0.6263069096021354/___package.npm/package/test/compiled/universal-selectors.css
silly asyncMap in gTP /tmp/npm-1385824994468/1385824994468-0.6263069096021354/___package.npm/package/test/compiled/no-overqualifying.css
silly asyncMap in gTP /tmp/npm-1385824994468/1385824994468-0.6263069096021354/___package.npm/package/test/compiled/property-order.css
silly asyncMap in gTP /tmp/npm-1385824994468/1385824994468-0.6263069096021354/___package.npm/package/test/compiled/no-underscores.css
silly asyncMap in gTP /tmp/npm-1385824994468/1385824994468-0.6263069096021354/___package.npm/package/test/compiled/no-IDs.css
silly asyncMap in gTP /tmp/npm-1385824994468/1385824994468-0.6263069096021354/___package.npm/package/test/compiled/no-JS.css
silly asyncMap in gTP /tmp/npm-1385824994468/1385824994468-0.6263069096021354/___package.npm/package/test/compiled/blog.css
silly asyncMap in gTP /tmp/npm-1385824994468/1385824994468-0.6263069096021354/___package.npm/package/test/compiled/prefixes.css
silly asyncMap in gTP /tmp/npm-1385824994468/1385824994468-0.6263069096021354/___package.npm/package/test/types
silly asyncMap in gTP /tmp/npm-1385824994468/1385824994468-0.6263069096021354/___package.npm/package/test/types/lint.js
silly asyncMap in gTP /tmp/npm-1385824994468/1385824994468-0.6263069096021354/___package.npm/package/test/types/compile.js
silly asyncMap in gTP /tmp/npm-1385824994468/1385824994468-0.6263069096021354/___package.npm/package/test/types/errors.js
silly asyncMap in gTP /tmp/npm-1385824994468/1385824994468-0.6263069096021354/___package.npm/package/lib
silly asyncMap in gTP /tmp/npm-1385824994468/1385824994468-0.6263069096021354/___package.npm/package/lib/min.js
silly asyncMap in gTP /tmp/npm-1385824994468/1385824994468-0.6263069096021354/___package.npm/package/lib/core.js
silly asyncMap in gTP /tmp/npm-1385824994468/1385824994468-0.6263069096021354/___package.npm/package/lib/util.js
silly asyncMap in gTP /tmp/npm-1385824994468/1385824994468-0.6263069096021354/___package.npm/package/lib/index.js
silly asyncMap in gTP /tmp/npm-1385824994468/1385824994468-0.6263069096021354/___package.npm/package/lib/lint
silly asyncMap in gTP /tmp/npm-1385824994468/1385824994468-0.6263069096021354/___package.npm/package/lib/lint/no-universal-selectors.js
silly asyncMap in gTP /tmp/npm-1385824994468/1385824994468-0.6263069096021354/___package.npm/package/lib/lint/no-IDs.js
silly asyncMap in gTP /tmp/npm-1385824994468/1385824994468-0.6263069096021354/___package.npm/package/lib/lint/no-JS-prefix.js
silly asyncMap in gTP /tmp/npm-1385824994468/1385824994468-0.6263069096021354/___package.npm/package/lib/lint/zero-units.js
silly asyncMap in gTP /tmp/npm-1385824994468/1385824994468-0.6263069096021354/___package.npm/package/lib/lint/inline-images.js
silly asyncMap in gTP /tmp/npm-1385824994468/1385824994468-0.6263069096021354/___package.npm/package/lib/lint/strict-property-order.js
silly asyncMap in gTP /tmp/npm-1385824994468/1385824994468-0.6263069096021354/___package.npm/package/lib/lint/no-overqualifying.js
silly asyncMap in gTP /tmp/npm-1385824994468/1385824994468-0.6263069096021354/___package.npm/package/lib/lint/no-underscores.js
silly asyncMap in gTP /tmp/npm-1385824994468/1385824994468-0.6263069096021354/___package.npm/package/lib/compile
silly asyncMap in gTP /tmp/npm-1385824994468/1385824994468-0.6263069096021354/___package.npm/package/lib/compile/zero-units.js
silly asyncMap in gTP /tmp/npm-1385824994468/1385824994468-0.6263069096021354/___package.npm/package/lib/compile/inline-images.js
silly asyncMap in gTP /tmp/npm-1385824994468/1385824994468-0.6263069096021354/___package.npm/package/lib/compile/strict-property-order.js
silly asyncMap in gTP /tmp/npm-1385824994468/1385824994468-0.6263069096021354/___package.npm/package/lib/compile/prefix-whitespace.js
silly chmod package 755
silly chmod .gitattributes 644
silly chmod .travis.yml 644
silly chmod .npmignore 644
silly chmod makefile 644
silly chmod README.md 644
silly chmod LICENSE 644
silly chmod package.json 644
silly chmod bin 755
silly chmod recess 644
silly chmod benchmark 755
silly chmod benchmark.less 644
silly chmod index.js 644
silly chmod test 755
silly chmod sprite.png 644
silly chmod index.js 644
silly chmod fixtures 755
silly chmod zero-units.css 644
silly chmod simple.css 644
silly chmod inline-images.css 644
silly chmod universal-selectors.css 644
silly chmod preboot.less 644
silly chmod no-overqualifying.css 644
silly chmod property-order.css 644
silly chmod no-underscores.css 644
silly chmod no-IDs.css 644
silly chmod no-JS.css 644
silly chmod sprite.png 644
silly chmod blog.css 644
silly chmod prefixes.css 644
silly chmod compiled 755
silly chmod preboot.css 644
silly chmod zero-units.css 644
silly chmod simple.css 644
silly chmod inline-images.css 644
silly chmod universal-selectors.css 644
silly chmod no-overqualifying.css 644
silly chmod property-order.css 644
silly chmod no-underscores.css 644
silly chmod no-IDs.css 644
silly chmod no-JS.css 644
silly chmod blog.css 644
silly chmod prefixes.css 644
silly chmod types 755
silly chmod lint.js 644
silly chmod compile.js 644
silly chmod errors.js 644
silly chmod lib 755
silly chmod min.js 644
silly chmod core.js 644
silly chmod util.js 644
silly chmod index.js 644
silly chmod lint 755
silly chmod no-universal-selectors.js 644
silly chmod no-IDs.js 644
silly chmod no-JS-prefix.js 644
silly chmod zero-units.js 644
silly chmod inline-images.js 644
silly chmod strict-property-order.js 644
silly chmod no-overqualifying.js 644
silly chmod no-underscores.js 644
silly chmod compile 755
silly chmod zero-units.js 644
silly chmod inline-images.js 644
silly chmod strict-property-order.js 644
silly chmod prefix-whitespace.js 644
verbose gunzed /tmp/npm-1385824994468/1385824994468-0.6263069096021354/___package.npm/package
verbose rm'ed /tmp/npm-1385824994468/1385824994468-0.6263069096021354/package
verbose renamed [ '/tmp/npm-1385824994468/1385824994468-0.6263069096021354/___package.npm/package',
verbose renamed   '/tmp/npm-1385824994468/1385824994468-0.6263069096021354/package' ]
verbose caching /tmp/npm-1385824994468/1385824994468-0.6263069096021354/package/package.json
verbose loadDefaults recess@1.1.9
verbose tarball contents [ 'package', 'tmp.tgz' ]
verbose from cache /tmp/npm-1385824994468/1385824994468-0.6263069096021354/package/package.json
verbose pack /tmp/npm-1385824994468/1385824994468-0.6263069096021354/package
verbose pack /tmp/npm-1385824994468/1385824994468-0.6263069096021354/package /home/richard/.npm/recess/1.1.9/package.tgz
silly makeList /tmp/npm-1385824994468/1385824994468-0.6263069096021354/package
silly dir, dirLen [ '/tmp/npm-1385824994468/1385824994468-0.6263069096021354/package',
silly dir, dirLen   64 ]
verbose tarball /home/richard/.npm/recess/1.1.9/package.tgz
verbose parent /tmp/npm-1385824994468/1385824994468-0.6263069096021354/package
verbose mkdir (expected) error ENOENT, stat '/home/richard/.npm/recess/1.1.9/___package.npm'
verbose mkdir done: /home/richard/.npm/recess/1.1.9/___package.npm 755
verbose unpack_ uid, gid [ undefined, undefined ]
verbose unpackTarget /home/richard/.npm/recess/1.1.9/package
silly gunzTarPerm modes [ '755', '644' ]
silly afterUntar ok
silly asyncMap in gTP /home/richard/.npm/recess/1.1.9/___package.npm/package
silly asyncMap in gTP /home/richard/.npm/recess/1.1.9/___package.npm/package/.gitattributes
silly asyncMap in gTP /home/richard/.npm/recess/1.1.9/___package.npm/package/.travis.yml
silly asyncMap in gTP /home/richard/.npm/recess/1.1.9/___package.npm/package/.npmignore
silly asyncMap in gTP /home/richard/.npm/recess/1.1.9/___package.npm/package/makefile
silly asyncMap in gTP /home/richard/.npm/recess/1.1.9/___package.npm/package/README.md
silly asyncMap in gTP /home/richard/.npm/recess/1.1.9/___package.npm/package/LICENSE
silly asyncMap in gTP /home/richard/.npm/recess/1.1.9/___package.npm/package/package.json
silly asyncMap in gTP /home/richard/.npm/recess/1.1.9/___package.npm/package/bin
silly asyncMap in gTP /home/richard/.npm/recess/1.1.9/___package.npm/package/bin/recess
silly asyncMap in gTP /home/richard/.npm/recess/1.1.9/___package.npm/package/benchmark
silly asyncMap in gTP /home/richard/.npm/recess/1.1.9/___package.npm/package/benchmark/benchmark.less
silly asyncMap in gTP /home/richard/.npm/recess/1.1.9/___package.npm/package/benchmark/index.js
silly asyncMap in gTP /home/richard/.npm/recess/1.1.9/___package.npm/package/test
silly asyncMap in gTP /home/richard/.npm/recess/1.1.9/___package.npm/package/test/sprite.png
silly asyncMap in gTP /home/richard/.npm/recess/1.1.9/___package.npm/package/test/index.js
silly asyncMap in gTP /home/richard/.npm/recess/1.1.9/___package.npm/package/test/fixtures
silly asyncMap in gTP /home/richard/.npm/recess/1.1.9/___package.npm/package/test/fixtures/zero-units.css
silly asyncMap in gTP /home/richard/.npm/recess/1.1.9/___package.npm/package/test/fixtures/simple.css
silly asyncMap in gTP /home/richard/.npm/recess/1.1.9/___package.npm/package/test/fixtures/inline-images.css
silly asyncMap in gTP /home/richard/.npm/recess/1.1.9/___package.npm/package/test/fixtures/universal-selectors.css
silly asyncMap in gTP /home/richard/.npm/recess/1.1.9/___package.npm/package/test/fixtures/preboot.less
silly asyncMap in gTP /home/richard/.npm/recess/1.1.9/___package.npm/package/test/fixtures/no-overqualifying.css
silly asyncMap in gTP /home/richard/.npm/recess/1.1.9/___package.npm/package/test/fixtures/property-order.css
silly asyncMap in gTP /home/richard/.npm/recess/1.1.9/___package.npm/package/test/fixtures/no-underscores.css
silly asyncMap in gTP /home/richard/.npm/recess/1.1.9/___package.npm/package/test/fixtures/no-IDs.css
silly asyncMap in gTP /home/richard/.npm/recess/1.1.9/___package.npm/package/test/fixtures/no-JS.css
silly asyncMap in gTP /home/richard/.npm/recess/1.1.9/___package.npm/package/test/fixtures/sprite.png
silly asyncMap in gTP /home/richard/.npm/recess/1.1.9/___package.npm/package/test/fixtures/blog.css
silly asyncMap in gTP /home/richard/.npm/recess/1.1.9/___package.npm/package/test/fixtures/prefixes.css
silly asyncMap in gTP /home/richard/.npm/recess/1.1.9/___package.npm/package/test/compiled
silly asyncMap in gTP /home/richard/.npm/recess/1.1.9/___package.npm/package/test/compiled/preboot.css
silly asyncMap in gTP /home/richard/.npm/recess/1.1.9/___package.npm/package/test/compiled/zero-units.css
silly asyncMap in gTP /home/richard/.npm/recess/1.1.9/___package.npm/package/test/compiled/simple.css
silly asyncMap in gTP /home/richard/.npm/recess/1.1.9/___package.npm/package/test/compiled/inline-images.css
silly asyncMap in gTP /home/richard/.npm/recess/1.1.9/___package.npm/package/test/compiled/universal-selectors.css
silly asyncMap in gTP /home/richard/.npm/recess/1.1.9/___package.npm/package/test/compiled/no-overqualifying.css
silly asyncMap in gTP /home/richard/.npm/recess/1.1.9/___package.npm/package/test/compiled/property-order.css
silly asyncMap in gTP /home/richard/.npm/recess/1.1.9/___package.npm/package/test/compiled/no-underscores.css
silly asyncMap in gTP /home/richard/.npm/recess/1.1.9/___package.npm/package/test/compiled/no-IDs.css
silly asyncMap in gTP /home/richard/.npm/recess/1.1.9/___package.npm/package/test/compiled/no-JS.css
silly asyncMap in gTP /home/richard/.npm/recess/1.1.9/___package.npm/package/test/compiled/blog.css
silly asyncMap in gTP /home/richard/.npm/recess/1.1.9/___package.npm/package/test/compiled/prefixes.css
silly asyncMap in gTP /home/richard/.npm/recess/1.1.9/___package.npm/package/test/types
silly asyncMap in gTP /home/richard/.npm/recess/1.1.9/___package.npm/package/test/types/lint.js
silly asyncMap in gTP /home/richard/.npm/recess/1.1.9/___package.npm/package/test/types/compile.js
silly asyncMap in gTP /home/richard/.npm/recess/1.1.9/___package.npm/package/test/types/errors.js
silly asyncMap in gTP /home/richard/.npm/recess/1.1.9/___package.npm/package/lib
silly asyncMap in gTP /home/richard/.npm/recess/1.1.9/___package.npm/package/lib/min.js
silly asyncMap in gTP /home/richard/.npm/recess/1.1.9/___package.npm/package/lib/core.js
silly asyncMap in gTP /home/richard/.npm/recess/1.1.9/___package.npm/package/lib/util.js
silly asyncMap in gTP /home/richard/.npm/recess/1.1.9/___package.npm/package/lib/index.js
silly asyncMap in gTP /home/richard/.npm/recess/1.1.9/___package.npm/package/lib/lint
silly asyncMap in gTP /home/richard/.npm/recess/1.1.9/___package.npm/package/lib/lint/no-universal-selectors.js
silly asyncMap in gTP /home/richard/.npm/recess/1.1.9/___package.npm/package/lib/lint/no-IDs.js
silly asyncMap in gTP /home/richard/.npm/recess/1.1.9/___package.npm/package/lib/lint/no-JS-prefix.js
silly asyncMap in gTP /home/richard/.npm/recess/1.1.9/___package.npm/package/lib/lint/zero-units.js
silly asyncMap in gTP /home/richard/.npm/recess/1.1.9/___package.npm/package/lib/lint/inline-images.js
silly asyncMap in gTP /home/richard/.npm/recess/1.1.9/___package.npm/package/lib/lint/strict-property-order.js
silly asyncMap in gTP /home/richard/.npm/recess/1.1.9/___package.npm/package/lib/lint/no-overqualifying.js
silly asyncMap in gTP /home/richard/.npm/recess/1.1.9/___package.npm/package/lib/lint/no-underscores.js
silly asyncMap in gTP /home/richard/.npm/recess/1.1.9/___package.npm/package/lib/compile
silly asyncMap in gTP /home/richard/.npm/recess/1.1.9/___package.npm/package/lib/compile/zero-units.js
silly asyncMap in gTP /home/richard/.npm/recess/1.1.9/___package.npm/package/lib/compile/inline-images.js
silly asyncMap in gTP /home/richard/.npm/recess/1.1.9/___package.npm/package/lib/compile/strict-property-order.js
silly asyncMap in gTP /home/richard/.npm/recess/1.1.9/___package.npm/package/lib/compile/prefix-whitespace.js
silly chmod package 755
verbose gunzed /home/richard/.npm/recess/1.1.9/___package.npm/package
verbose rm'ed /home/richard/.npm/recess/1.1.9/package
verbose renamed [ '/home/richard/.npm/recess/1.1.9/___package.npm/package',
verbose renamed   '/home/richard/.npm/recess/1.1.9/package' ]
verbose caching /home/richard/.npm/recess/1.1.9/package/package.json
verbose loadDefaults recess@1.1.9
silly updated sha bytes 40960
silly updated sha bytes 3918
info shasum bc3f3d56b72ecf9e6e4df0c1e9cc00989201bad1
info shasum /home/richard/.npm/recess/1.1.9/package.tgz
verbose from cache /home/richard/.npm/recess/1.1.9/package/package.json
verbose chmod /home/richard/.npm/recess/1.1.9/package.tgz 644
verbose chown [ '/home/richard/.npm/recess/1.1.9/package.tgz', 1000, 1000 ]
silly resolved [ { name: 'recess',
silly resolved     description: 'A simple, attractive code quality tool for CSS built on top of LESS',
silly resolved     version: '1.1.9',
silly resolved     author: 
silly resolved      { name: 'Jacob Thornton',
silly resolved        email: 'jacob@twitter.com',
silly resolved        url: 'https://github.com/fat' },
silly resolved     repository: { type: 'git', url: 'git://github.com/twitter/recess.git' },
silly resolved     keywords: [ 'css', 'lint' ],
silly resolved     licenses: 
silly resolved      [ { type: 'Apache-2.0',
silly resolved          url: 'http://www.apache.org/licenses/LICENSE-2.0' } ],
silly resolved     main: './lib',
silly resolved     homepage: 'http://twitter.github.com/recess',
silly resolved     engines: { node: '>= 0.4.0' },
silly resolved     dependencies: 
silly resolved      { colors: '>= 0.3.0',
silly resolved        nopt: '>= 1.0.10',
silly resolved        underscore: '>= 1.2.1',
silly resolved        watch: '>= 0.5.1',
silly resolved        less: '~1.3.0' },
silly resolved     directories: { bin: './bin' },
silly resolved     scripts: { test: 'node test' },
silly resolved     bin: { recess: './bin/recess' },
silly resolved     preferGlobal: true,
silly resolved     _id: 'recess@1.1.9',
silly resolved     devDependencies: {},
silly resolved     optionalDependencies: {},
silly resolved     _engineSupported: true,
silly resolved     _npmVersion: '1.1.4',
silly resolved     _nodeVersion: 'v0.6.19',
silly resolved     _defaultsLoaded: true,
silly resolved     dist: { shasum: 'bc3f3d56b72ecf9e6e4df0c1e9cc00989201bad1' },
silly resolved     _from: 'recess' } ]
info into /usr/local/lib recess@1.1.9
info installOne recess@1.1.9
verbose from cache /home/richard/.npm/recess/1.1.9/package/package.json
info unbuild /usr/local/lib/node_modules/recess
verbose mkdir (expected) error ENOENT, stat '/usr/local/lib/node_modules'
verbose unpack_ uid, gid [ undefined, undefined ]
verbose unpackTarget /usr/local/lib/node_modules/recess
ERR! Could not create /usr/local/lib/node_modules/___recess.npm
ERR! error installing recess@1.1.9
info unbuild /usr/local/lib/node_modules/recess
verbose installOne cb recess@1.1.9
ERR! Error: EACCES, mkdir '/usr/local/lib/node_modules'
ERR! 
ERR! Please try running this command again as root/Administrator.
ERR! 
ERR! System Linux 3.8.0-33-generic
ERR! command "/usr/bin/nodejs" "/usr/bin/npm" "install" "recess" "-g"
ERR! cwd /home/richard/src/kq-0.99
ERR! node -v v0.6.19
ERR! npm -v 1.1.4
ERR! path /usr/local/lib/node_modules
ERR! code EACCES
ERR! message EACCES, mkdir '/usr/local/lib/node_modules'
ERR! errno {}
verbose exit [ 1, true ]
